<?xml version="1.0" encoding="UTF-8"?>
<Site BuildName="Win32-ninja"
	BuildStamp="20241217-0644-Experimental"
	Name="LAPTOP-CV6OBKK1"
	Generator="ctest-3.25.0-rc2"
	CompilerName="C:/msys64/mingw64/bin/g++.exe"
	CompilerVersion="12.2.0"
	OSName="Windows"
	Hostname="LAPTOP-CV6OBKK1"
	OSRelease=" Personal"
	OSVersion=" (Build 22631)"
	OSPlatform="AMD64"
	Is64Bits="1"
	VendorString="AuthenticAMD"
	VendorID="Advanced Micro Devices"
	FamilyID="15"
	ModelID="8"
	ProcessorCacheSize="64"
	NumberOfLogicalCPU="16"
	NumberOfPhysicalCPU="8"
	TotalVirtualMemory="31137"
	TotalPhysicalMemory="15722"
	LogicalProcessorsPerPhysical="2"
	ProcessorClockFrequency="1796"
	>
	<Testing>
		<StartDateTime>Dec 17 17:19 Eastern Standard Time</StartDateTime>
		<StartTestTime>1734473960</StartTestTime>
		<TestList/>
		<EndDateTime>Dec 17 17:19 Eastern Standard Time</EndDateTime>
		<EndTestTime>1734473960</EndTestTime>
		<ElapsedMinutes>0</ElapsedMinutes>
	</Testing>
</Site>
